0 info it worked if it ends with ok
1 verbose cli [ 'nodejs', '/usr/bin/npm', 'update', '-g', 'yeoman' ]
2 info using npm@1.1.65
3 info using node@v0.8.14
4 verbose read json /usr/lib/package.json
5 verbose read json /usr/lib/node_modules/coffeelint/package.json
6 verbose read json /usr/lib/node_modules/yeoman/package.json
7 verbose read json /usr/lib/node_modules/testacular/package.json
8 verbose read json /usr/lib/node_modules/express/package.json
9 verbose cache add [ 'yeoman', '*' ]
10 silly cache add name="yeoman" spec="*" args=["yeoman","*"]
11 verbose parsed url { pathname: '*', path: '*', href: '*' }
12 verbose addNamed [ 'yeoman', '*' ]
13 verbose addNamed [ null, '' ]
14 verbose from cache /usr/lib/node_modules/testacular/package.json
15 verbose from cache /usr/lib/node_modules/express/package.json
16 verbose from cache /usr/lib/node_modules/coffeelint/package.json
17 verbose read json /usr/lib/node_modules/testacular/node_modules/socket.io/package.json
18 verbose read json /usr/lib/node_modules/testacular/node_modules/chokidar/package.json
19 verbose read json /usr/lib/node_modules/testacular/node_modules/http-proxy/package.json
20 verbose read json /usr/lib/node_modules/testacular/node_modules/minimatch/package.json
21 verbose read json /usr/lib/node_modules/testacular/node_modules/.bin/package.json
22 verbose read json /usr/lib/node_modules/testacular/node_modules/optimist/package.json
23 verbose read json /usr/lib/node_modules/testacular/node_modules/glob/package.json
24 silly lockFile fd94f358-yeoman yeoman@*
25 verbose lock yeoman@* /home/vadmin/.npm/fd94f358-yeoman.lock
26 verbose read json /usr/lib/node_modules/coffeelint/node_modules/coffee-script/package.json
27 verbose read json /usr/lib/node_modules/coffeelint/node_modules/.bin/package.json
28 verbose read json /usr/lib/node_modules/coffeelint/node_modules/optimist/package.json
29 verbose read json /usr/lib/node_modules/coffeelint/node_modules/glob/package.json
30 silly addNameRange { name: 'yeoman', range: '', hasData: false }
31 verbose read json /usr/lib/node_modules/express/node_modules/mime/package.json
32 verbose read json /usr/lib/node_modules/express/node_modules/connect/package.json
33 verbose read json /usr/lib/node_modules/express/node_modules/qs/package.json
34 verbose read json /usr/lib/node_modules/express/node_modules/mkdirp/package.json
35 verbose from cache /usr/lib/node_modules/testacular/node_modules/socket.io/package.json
36 verbose from cache /usr/lib/node_modules/testacular/node_modules/chokidar/package.json
37 verbose from cache /usr/lib/node_modules/testacular/node_modules/glob/package.json
38 verbose from cache /usr/lib/node_modules/testacular/node_modules/minimatch/package.json
39 verbose from cache /usr/lib/node_modules/testacular/node_modules/http-proxy/package.json
40 verbose from cache /usr/lib/node_modules/testacular/node_modules/optimist/package.json
41 verbose read json /usr/lib/node_modules/testacular/node_modules/glob/node_modules/graceful-fs/package.json
42 verbose read json /usr/lib/node_modules/testacular/node_modules/glob/node_modules/inherits/package.json
43 verbose read json /usr/lib/node_modules/testacular/node_modules/minimatch/node_modules/lru-cache/package.json
44 verbose read json /usr/lib/node_modules/testacular/node_modules/http-proxy/node_modules/pkginfo/package.json
45 verbose read json /usr/lib/node_modules/testacular/node_modules/http-proxy/node_modules/colors/package.json
46 verbose read json /usr/lib/node_modules/testacular/node_modules/optimist/node_modules/wordwrap/package.json
47 verbose read json /usr/lib/node_modules/testacular/node_modules/socket.io/node_modules/redis/package.json
48 verbose read json /usr/lib/node_modules/testacular/node_modules/socket.io/node_modules/socket.io-client/package.json
49 verbose read json /usr/lib/node_modules/testacular/node_modules/socket.io/node_modules/policyfile/package.json
50 warn package.json connect@1.8.7 No README.md file found!
51 verbose from cache /usr/lib/node_modules/coffeelint/node_modules/optimist/package.json
52 verbose from cache /usr/lib/node_modules/coffeelint/node_modules/coffee-script/package.json
53 verbose from cache /usr/lib/node_modules/coffeelint/node_modules/glob/package.json
54 verbose from cache /usr/lib/node_modules/testacular/node_modules/http-proxy/node_modules/colors/package.json
55 verbose read json /usr/lib/node_modules/testacular/node_modules/http-proxy/node_modules/optimist/package.json
56 verbose from cache /usr/lib/node_modules/testacular/node_modules/http-proxy/node_modules/pkginfo/package.json
57 verbose from cache /usr/lib/node_modules/testacular/node_modules/optimist/node_modules/wordwrap/package.json
58 verbose from cache /usr/lib/node_modules/testacular/node_modules/socket.io/node_modules/socket.io-client/package.json
59 verbose from cache /usr/lib/node_modules/testacular/node_modules/socket.io/node_modules/policyfile/package.json
60 verbose from cache /usr/lib/node_modules/testacular/node_modules/socket.io/node_modules/redis/package.json
61 verbose read json /usr/lib/node_modules/coffeelint/node_modules/optimist/node_modules/wordwrap/package.json
62 verbose read json /usr/lib/node_modules/coffeelint/node_modules/glob/node_modules/minimatch/package.json
63 verbose read json /usr/lib/node_modules/coffeelint/node_modules/glob/node_modules/graceful-fs/package.json
64 verbose read json /usr/lib/node_modules/coffeelint/node_modules/glob/node_modules/inherits/package.json
65 verbose read json /usr/lib/node_modules/testacular/node_modules/socket.io/node_modules/socket.io-client/node_modules/uglify-js/package.json
66 verbose read json /usr/lib/node_modules/testacular/node_modules/socket.io/node_modules/socket.io-client/node_modules/ws/package.json
67 verbose read json /usr/lib/node_modules/testacular/node_modules/socket.io/node_modules/socket.io-client/node_modules/active-x-obfuscator/package.json
68 verbose read json /usr/lib/node_modules/testacular/node_modules/socket.io/node_modules/socket.io-client/node_modules/.bin/package.json
69 verbose read json /usr/lib/node_modules/testacular/node_modules/socket.io/node_modules/socket.io-client/node_modules/xmlhttprequest/package.json
70 verbose url raw yeoman
71 verbose url resolving [ 'https://registry.npmjs.org/', './yeoman' ]
72 verbose url resolved https://registry.npmjs.org/yeoman
73 info trying registry request attempt 1 at 15:06:42
74 verbose etag "EAF54JRM4KDBWI5HR2486H3MF"
75 http GET https://registry.npmjs.org/yeoman
76 verbose read json /usr/lib/node_modules/testacular/node_modules/socket.io/node_modules/redis/node_modules/hiredis/package.json
77 verbose read json /usr/lib/node_modules/testacular/node_modules/glob/node_modules/minimatch/package.json
78 verbose from cache /usr/lib/node_modules/testacular/node_modules/glob/node_modules/graceful-fs/package.json
79 verbose from cache /usr/lib/node_modules/testacular/node_modules/glob/node_modules/inherits/package.json
80 verbose from cache /usr/lib/node_modules/testacular/node_modules/minimatch/node_modules/lru-cache/package.json
81 verbose from cache /usr/lib/node_modules/express/node_modules/connect/package.json
82 verbose from cache /usr/lib/node_modules/express/node_modules/mime/package.json
83 verbose from cache /usr/lib/node_modules/express/node_modules/qs/package.json
84 verbose from cache /usr/lib/node_modules/express/node_modules/mkdirp/package.json
85 verbose from cache /usr/lib/node_modules/testacular/node_modules/socket.io/node_modules/socket.io-client/node_modules/uglify-js/package.json
86 verbose from cache /usr/lib/node_modules/testacular/node_modules/socket.io/node_modules/socket.io-client/node_modules/ws/package.json
87 verbose from cache /usr/lib/node_modules/testacular/node_modules/socket.io/node_modules/socket.io-client/node_modules/xmlhttprequest/package.json
88 verbose from cache /usr/lib/node_modules/testacular/node_modules/socket.io/node_modules/socket.io-client/node_modules/active-x-obfuscator/package.json
89 verbose from cache /usr/lib/node_modules/testacular/node_modules/socket.io/node_modules/redis/node_modules/hiredis/package.json
90 verbose read json /usr/lib/node_modules/express/node_modules/connect/node_modules/formidable/package.json
91 verbose read json /usr/lib/node_modules/testacular/node_modules/socket.io/node_modules/socket.io-client/node_modules/ws/node_modules/commander/package.json
92 verbose read json /usr/lib/node_modules/testacular/node_modules/socket.io/node_modules/socket.io-client/node_modules/ws/node_modules/tinycolor/package.json
93 verbose read json /usr/lib/node_modules/testacular/node_modules/socket.io/node_modules/socket.io-client/node_modules/ws/node_modules/options/package.json
94 verbose read json /usr/lib/node_modules/testacular/node_modules/socket.io/node_modules/socket.io-client/node_modules/active-x-obfuscator/node_modules/zeparser/package.json
95 verbose from cache /usr/lib/node_modules/coffeelint/node_modules/optimist/node_modules/wordwrap/package.json
96 verbose from cache /usr/lib/node_modules/testacular/node_modules/socket.io/node_modules/socket.io-client/node_modules/active-x-obfuscator/node_modules/zeparser/package.json
97 verbose from cache /usr/lib/node_modules/coffeelint/node_modules/glob/node_modules/minimatch/package.json
98 verbose from cache /usr/lib/node_modules/coffeelint/node_modules/glob/node_modules/graceful-fs/package.json
99 verbose from cache /usr/lib/node_modules/coffeelint/node_modules/glob/node_modules/inherits/package.json
100 verbose read json /usr/lib/node_modules/coffeelint/node_modules/glob/node_modules/minimatch/node_modules/lru-cache/package.json
101 verbose from cache /usr/lib/node_modules/testacular/node_modules/socket.io/node_modules/socket.io-client/node_modules/ws/node_modules/commander/package.json
102 verbose from cache /usr/lib/node_modules/testacular/node_modules/socket.io/node_modules/socket.io-client/node_modules/ws/node_modules/tinycolor/package.json
103 verbose from cache /usr/lib/node_modules/testacular/node_modules/socket.io/node_modules/socket.io-client/node_modules/ws/node_modules/options/package.json
104 verbose read json /usr/lib/node_modules/express/node_modules/connect/node_modules/qs/package.json
105 verbose read json /usr/lib/node_modules/express/node_modules/connect/node_modules/mime/package.json
106 verbose from cache /usr/lib/node_modules/express/node_modules/connect/node_modules/formidable/package.json
107 verbose from cache /usr/lib/node_modules/coffeelint/node_modules/glob/node_modules/minimatch/node_modules/lru-cache/package.json
108 http 304 https://registry.npmjs.org/yeoman
109 silly registry.get cb [ 304,
109 silly registry.get   { server: 'CouchDB/1.2.0 (Erlang OTP/R15B)',
109 silly registry.get     etag: '"EAF54JRM4KDBWI5HR2486H3MF"',
109 silly registry.get     date: 'Fri, 09 Nov 2012 23:06:25 GMT',
109 silly registry.get     'content-length': '0' } ]
110 verbose etag yeoman from cache
111 silly addNameRange number 2 { name: 'yeoman', range: '', hasData: true }
112 silly addNameRange versions [ 'yeoman',
112 silly addNameRange   [ '0.0.1',
112 silly addNameRange     '0.7.0',
112 silly addNameRange     '0.7.1',
112 silly addNameRange     '0.7.2',
112 silly addNameRange     '0.7.3',
112 silly addNameRange     '0.9.0',
112 silly addNameRange     '0.9.1',
112 silly addNameRange     '0.9.2',
112 silly addNameRange     '0.9.3',
112 silly addNameRange     '0.9.4',
112 silly addNameRange     '0.9.5' ] ]
113 verbose addNamed [ 'yeoman', '0.9.5' ]
114 verbose addNamed [ '0.9.5', '0.9.5' ]
115 silly lockFile b354432d-yeoman-0-9-5 yeoman@0.9.5
116 verbose lock yeoman@0.9.5 /home/vadmin/.npm/b354432d-yeoman-0-9-5.lock
117 verbose read json /home/vadmin/.npm/yeoman/0.9.5/package/package.json
118 silly lockFile b354432d-yeoman-0-9-5 yeoman@0.9.5
119 silly lockFile fd94f358-yeoman yeoman@*
120 info outdated updating [ [ '/usr/lib', 'yeoman', '0.9.0', '0.9.5' ] ]
121 verbose install where,what [ '/usr/lib', [ 'yeoman@0.9.5' ] ]
122 verbose read json /usr/lib/package.json
123 verbose read json /usr/lib/package.json
124 verbose cache add [ 'yeoman@0.9.5', null ]
125 silly cache add name=undefined spec="yeoman@0.9.5" args=["yeoman@0.9.5",null]
126 verbose parsed url { pathname: 'yeoman@0.9.5',
126 verbose parsed url   path: 'yeoman@0.9.5',
126 verbose parsed url   href: 'yeoman@0.9.5' }
127 silly cache add name="yeoman" spec="0.9.5" args=["yeoman","0.9.5"]
128 verbose parsed url { pathname: '0.9.5', path: '0.9.5', href: '0.9.5' }
129 verbose addNamed [ 'yeoman', '0.9.5' ]
130 verbose addNamed [ '0.9.5', '0.9.5' ]
131 silly lockFile b354432d-yeoman-0-9-5 yeoman@0.9.5
132 verbose lock yeoman@0.9.5 /home/vadmin/.npm/b354432d-yeoman-0-9-5.lock
133 verbose url raw yeoman/0.9.5
134 verbose url resolving [ 'https://registry.npmjs.org/', './yeoman/0.9.5' ]
135 verbose url resolved https://registry.npmjs.org/yeoman/0.9.5
136 info trying registry request attempt 1 at 15:06:43
137 verbose etag "EAF54JRM4KDBWI5HR2486H3MF"
138 http GET https://registry.npmjs.org/yeoman/0.9.5
139 http 304 https://registry.npmjs.org/yeoman/0.9.5
140 silly registry.get cb [ 304,
140 silly registry.get   { server: 'CouchDB/1.2.0 (Erlang OTP/R15B)',
140 silly registry.get     etag: '"EAF54JRM4KDBWI5HR2486H3MF"',
140 silly registry.get     date: 'Fri, 09 Nov 2012 23:06:26 GMT',
140 silly registry.get     'content-length': '0' } ]
141 verbose etag yeoman/0.9.5 from cache
142 verbose from cache /home/vadmin/.npm/yeoman/0.9.5/package/package.json
143 silly lockFile b354432d-yeoman-0-9-5 yeoman@0.9.5
144 silly resolved [ { name: 'yeoman',
144 silly resolved     version: '0.9.5',
144 silly resolved     description: 'The Yeoman CLI presents a command line interface for creating, building, maintaining, and shipping a project.',
144 silly resolved     keywords:
144 silly resolved      [ 'front-end',
144 silly resolved        'development',
144 silly resolved        'dev',
144 silly resolved        'build',
144 silly resolved        'web',
144 silly resolved        'tool',
144 silly resolved        'cli',
144 silly resolved        'scaffold',
144 silly resolved        'stack' ],
144 silly resolved     homepage: 'http://yeoman.io',
144 silly resolved     bugs: 'https://github.com/yeoman/yeoman/issues',
144 silly resolved     author: { name: 'Chrome Developer Relations' },
144 silly resolved     main: './yeoman',
144 silly resolved     bin:
144 silly resolved      { yeoman: './bin/yeoman',
144 silly resolved        _yeomaninsight: './bin/yeomaninsight.py' },
144 silly resolved     directories: { man: './man' },
144 silly resolved     repository: { type: 'git', url: 'git://github.com/yeoman/yeoman.git' },
144 silly resolved     scripts:
144 silly resolved      { test: 'node node_modules/mocha/bin/mocha test/test-*.js',
144 silly resolved        manpages: './scripts/docs-build' },
144 silly resolved     dependencies:
144 silly resolved      { grunt: 'http://github.com/cowboy/grunt/archive/0ba6d4b529.tar.gz',
144 silly resolved        'yeoman-generators': 'http://github.com/yeoman/generators/archive/0.9.5.tar.gz',
144 silly resolved        bower: '~0.3.0',
144 silly resolved        open: '0.0.2',
144 silly resolved        rimraf: '~2.0.1',
144 silly resolved        mkdirp: '~0.3.1',
144 silly resolved        requirejs: '~2.0.2',
144 silly resolved        'clean-css': '~0.3.2',
144 silly resolved        connect: '~2.2.1',
144 silly resolved        request: '~2.9.200',
144 silly resolved        'html-minifier': '~0.4.5',
144 silly resolved        which: '~1.0.5',
144 silly resolved        cheerio: '~0.9.2',
144 silly resolved        fstream: '~0.1.18',
144 silly resolved        'fstream-ignore': '0.0.5',
144 silly resolved        tar: '~0.1.13',
144 silly resolved        'coffee-script': '~1.3.3',
144 silly resolved        'grunt-jasmine-task': '~0.2.2',
144 silly resolved        'faye-websocket': '~0.4.2',
144 silly resolved        shelljs: '~0.0.6',
144 silly resolved        prompt: '~0.1.12',
144 silly resolved        colors: '~0.6.0',
144 silly resolved        'grunt-mocha': '~0.1.3',
144 silly resolved        'es6-collections': '>=0.2.0',
144 silly resolved        'grunt-contrib-coffee': '~0.3.1' },
144 silly resolved     devDependencies: { mocha: '~1.4.0', ronn: '~0.3.8' },
144 silly resolved     engines: { node: '>=0.8.0' },
144 silly resolved     man:
144 silly resolved      [ '/home/vadmin/.npm/yeoman/0.9.5/package/man/bower.1',
144 silly resolved        '/home/vadmin/.npm/yeoman/0.9.5/package/man/build.1',
144 silly resolved        '/home/vadmin/.npm/yeoman/0.9.5/package/man/faq.1',
144 silly resolved        '/home/vadmin/.npm/yeoman/0.9.5/package/man/folders.1',
144 silly resolved        '/home/vadmin/.npm/yeoman/0.9.5/package/man/gruntfile.1',
144 silly resolved        '/home/vadmin/.npm/yeoman/0.9.5/package/man/init.1',
144 silly resolved        '/home/vadmin/.npm/yeoman/0.9.5/package/man/insight.1',
144 silly resolved        '/home/vadmin/.npm/yeoman/0.9.5/package/man/serve.1',
144 silly resolved        '/home/vadmin/.npm/yeoman/0.9.5/package/man/server.1',
144 silly resolved        '/home/vadmin/.npm/yeoman/0.9.5/package/man/test.1',
144 silly resolved        '/home/vadmin/.npm/yeoman/0.9.5/package/man/yeoman.1' ],
144 silly resolved     readme: '# Yeoman CLI\n\nThe Yeoman CLI presents a command-line interface for creating, building, maintaining, and shipping a project.\n\nFor more information, see the project [readme](https://github.com/yeoman/yeoman#welcome-friend).\n',
144 silly resolved     readmeFilename: 'readme.md',
144 silly resolved     _id: 'yeoman@0.9.5',
144 silly resolved     _from: 'yeoman@0.9.5' } ]
145 info install yeoman@0.9.5 into /usr/lib
146 info installOne yeoman@0.9.5
147 verbose from cache /home/vadmin/.npm/yeoman/0.9.5/package/package.json
148 info /usr/lib/node_modules/yeoman unbuild
149 verbose from cache /usr/lib/node_modules/yeoman/package.json
150 info preuninstall yeoman@0.9.0
151 info uninstall yeoman@0.9.0
152 verbose unsafe-perm in lifecycle true
153 silly exec sh "-c" "rm -rf ~/.yeoman"
154 silly sh,-c,rm -rf ~/.yeoman,/usr/lib/node_modules/yeoman spawning
155 verbose true,/usr/lib/node_modules,/usr/lib/node_modules unbuild yeoman@0.9.0
156 verbose /usr/bin,[object Object] binRoot
157 info /usr/lib/node_modules/yeoman unbuild
158 verbose read json /usr/lib/node_modules/yeoman/package.json
159 info preuninstall yeoman@0.9.0
160 info uninstall yeoman@0.9.0
161 verbose unsafe-perm in lifecycle true
162 silly exec sh "-c" "rm -rf ~/.yeoman"
163 silly sh,-c,rm -rf ~/.yeoman,/usr/lib/node_modules/yeoman spawning
164 verbose true,/usr/lib/node_modules,/usr/lib/node_modules unbuild yeoman@0.9.0
165 verbose /usr/bin,[object Object] binRoot
166 error error rolling back Error: EACCES, unlink '/usr/bin/yeoman'
166 error error rolling back  yeoman@0.9.5 { [Error: EACCES, unlink '/usr/bin/yeoman'] errno: 3, code: 'EACCES', path: '/usr/bin/yeoman' }
167 error Error: EACCES, unlink '/usr/bin/yeoman'
167 error  { [Error: EACCES, unlink '/usr/bin/yeoman'] errno: 3, code: 'EACCES', path: '/usr/bin/yeoman' }
168 error Please try running this command again as root/Administrator.
169 error System Linux 2.6.32-44-generic
170 error command "nodejs" "/usr/bin/npm" "update" "-g" "yeoman"
171 error cwd /home/vadmin/Apps/bibleqna
172 error node -v v0.8.14
173 error npm -v 1.1.65
174 error path /usr/bin/yeoman
175 error code EACCES
176 error errno 3
177 error stack Error: EACCES, unlink '/usr/bin/yeoman'
178 verbose exit [ 3, true ]
